\BOOKMARK [1][-]{section.1}{\376\377\000b\000l\000a\000c\000k\000I\000n\000t\000r\000o\000d\000u\000c\000t\000i\000o\000n}{}% 1
\BOOKMARK [1][-]{section.2}{\376\377\000b\000l\000a\000c\000k\000Q\000u\000a\000n\000t\000i\000f\000y\000i\000n\000g\000\040\000t\000h\000e\000\040\000D\000i\000s\000t\000u\000r\000b\000a\000n\000c\000e\000\040\000E\000n\000v\000i\000r\000o\000n\000m\000e\000n\000t}{}% 2
\BOOKMARK [2][-]{subsection.2.1}{\376\377\000b\000l\000a\000c\000k\000G\000r\000a\000v\000i\000t\000y\000\040\000G\000r\000a\000d\000i\000e\000n\000t}{section.2}% 3
\BOOKMARK [2][-]{subsection.2.2}{\376\377\000b\000l\000a\000c\000k\000S\000o\000l\000a\000r\000\040\000P\000r\000e\000s\000s\000u\000r\000e}{section.2}% 4
\BOOKMARK [2][-]{subsection.2.3}{\376\377\000b\000l\000a\000c\000k\000A\000e\000r\000o\000d\000y\000n\000a\000m\000i\000c\000\040\000D\000r\000a\000g}{section.2}% 5
\BOOKMARK [2][-]{subsection.2.4}{\376\377\000b\000l\000a\000c\000k\000M\000a\000g\000n\000e\000t\000i\000c\000\040\000T\000o\000r\000q\000u\000e}{section.2}% 6
\BOOKMARK [1][-]{section.3}{\376\377\000b\000l\000a\000c\000k\000A\000t\000t\000i\000t\000u\000d\000e\000\040\000D\000e\000t\000e\000r\000m\000i\000n\000a\000t\000i\000o\000n\000\040\000a\000n\000d\000\040\000C\000o\000n\000t\000r\000o\000l\000\040\000S\000y\000s\000t\000e\000m\000s}{}% 7
\BOOKMARK [2][-]{subsection.3.1}{\376\377\000b\000l\000a\000c\000k\000R\000e\000f\000e\000r\000e\000n\000c\000e\000\040\000F\000r\000a\000m\000e\000s}{section.3}% 8
\BOOKMARK [3][-]{subsubsection.3.1.1}{\376\377\000b\000l\000a\000c\000k\000E\000a\000r\000t\000h\000-\000C\000e\000n\000t\000e\000r\000e\000d\000\040\000I\000n\000e\000r\000t\000i\000a\000l\000\040\000\050\000E\000C\000I\000\051\000\040\000F\000r\000a\000m\000e}{subsection.3.1}% 9
\BOOKMARK [3][-]{subsubsection.3.1.2}{\376\377\000b\000l\000a\000c\000k\000E\000a\000r\000t\000h\000-\000C\000e\000n\000t\000e\000r\000e\000d\000\040\000E\000a\000r\000t\000h\000-\000F\000i\000x\000e\000d\000\040\000\050\000E\000C\000E\000F\000\051\000\040\000F\000r\000a\000m\000e}{subsection.3.1}% 10
\BOOKMARK [3][-]{subsubsection.3.1.3}{\376\377\000b\000l\000a\000c\000k\000O\000r\000b\000i\000t\000a\000l\000\040\000\050\000O\000\051\000\040\000F\000r\000a\000m\000e}{subsection.3.1}% 11
\BOOKMARK [3][-]{subsubsection.3.1.4}{\376\377\000b\000l\000a\000c\000k\000S\000a\000t\000e\000l\000l\000i\000t\000e\000\040\000B\000o\000d\000y\000\040\000\050\000B\000\051\000\040\000F\000r\000a\000m\000e}{subsection.3.1}% 12
\BOOKMARK [2][-]{subsection.3.2}{\376\377\000b\000l\000a\000c\000k\000A\000t\000t\000i\000t\000u\000d\000e\000\040\000R\000e\000p\000r\000e\000s\000e\000n\000t\000a\000t\000i\000o\000n}{section.3}% 13
\BOOKMARK [3][-]{subsubsection.3.2.1}{\376\377\000b\000l\000a\000c\000k\000D\000i\000r\000e\000c\000t\000i\000o\000n\000\040\000C\000o\000s\000i\000n\000e\000\040\000M\000a\000t\000r\000i\000x}{subsection.3.2}% 14
\BOOKMARK [3][-]{subsubsection.3.2.2}{\376\377\000b\000l\000a\000c\000k\000E\000u\000l\000e\000r\000\040\000A\000n\000g\000l\000e\000s}{subsection.3.2}% 15
\BOOKMARK [3][-]{subsubsection.3.2.3}{\376\377\000b\000l\000a\000c\000k\000Q\000u\000a\000t\000e\000r\000n\000i\000o\000n\000\040\000R\000e\000p\000r\000e\000s\000e\000n\000t\000a\000t\000i\000o\000n}{subsection.3.2}% 16
\BOOKMARK [2][-]{subsection.3.3}{\376\377\000b\000l\000a\000c\000k\000R\000o\000t\000a\000t\000i\000o\000n\000a\000l\000\040\000K\000i\000n\000e\000m\000a\000t\000i\000c\000s\000\040\000a\000n\000d\000\040\000D\000y\000n\000a\000m\000i\000c\000s}{section.3}% 17
\BOOKMARK [3][-]{subsubsection.3.3.1}{\376\377\000b\000l\000a\000c\000k\000A\000n\000g\000u\000l\000a\000r\000\040\000V\000e\000l\000o\000c\000i\000t\000y\000\040\000a\000n\000d\000\040\000M\000o\000m\000e\000n\000t\000u\000m}{subsection.3.3}% 18
\BOOKMARK [3][-]{subsubsection.3.3.2}{\376\377\000b\000l\000a\000c\000k\000E\000q\000u\000a\000t\000i\000o\000n\000s\000\040\000o\000f\000\040\000M\000o\000t\000i\000o\000n}{subsection.3.3}% 19
\BOOKMARK [3][-]{subsubsection.3.3.3}{\376\377\000b\000l\000a\000c\000k\000K\000i\000n\000e\000m\000a\000t\000i\000c\000\040\000E\000q\000u\000a\000t\000i\000o\000n\000s}{subsection.3.3}% 20
\BOOKMARK [2][-]{subsection.3.4}{\376\377\000b\000l\000a\000c\000k\000A\000t\000t\000i\000t\000u\000d\000e\000\040\000D\000e\000t\000e\000r\000m\000i\000n\000a\000t\000i\000o\000n}{section.3}% 21
\BOOKMARK [3][-]{subsubsection.3.4.1}{\376\377\000b\000l\000a\000c\000k\000S\000e\000n\000s\000o\000r\000s}{subsection.3.4}% 22
\BOOKMARK [3][-]{subsubsection.3.4.2}{\376\377\000b\000l\000a\000c\000k\000A\000t\000t\000i\000t\000u\000d\000e\000\040\000D\000e\000t\000e\000r\000m\000i\000n\000a\000t\000i\000o\000n\000\040\000T\000e\000c\000h\000n\000i\000q\000u\000e}{subsection.3.4}% 23
\BOOKMARK [2][-]{subsection.3.5}{\376\377\000b\000l\000a\000c\000k\000A\000t\000t\000i\000t\000u\000d\000e\000\040\000C\000o\000n\000t\000r\000o\000l\000\040\000M\000a\000n\000e\000u\000v\000e\000r\000s}{section.3}% 24
\BOOKMARK [3][-]{subsubsection.3.5.1}{\376\377\000b\000l\000a\000c\000k\000A\000c\000t\000u\000a\000t\000i\000o\000n}{subsection.3.5}% 25
\BOOKMARK [3][-]{subsubsection.3.5.2}{\376\377\000b\000l\000a\000c\000k\000B\000d\000o\000t\000\040\000D\000e\000t\000u\000m\000b\000l\000i\000n\000g\000\040\000A\000l\000g\000o\000r\000i\000t\000h\000m}{subsection.3.5}% 26
\BOOKMARK [3][-]{subsubsection.3.5.3}{\376\377\000b\000l\000a\000c\000k\000I\000n\000i\000t\000i\000a\000l\000\040\000A\000l\000i\000g\000n\000m\000e\000n\000t}{subsection.3.5}% 27
\BOOKMARK [3][-]{subsubsection.3.5.4}{\376\377\000b\000l\000a\000c\000k\000y\000-\000A\000x\000i\000s\000\040\000A\000l\000i\000g\000n\000m\000e\000n\000t}{subsection.3.5}% 28
\BOOKMARK [3][-]{subsubsection.3.5.5}{\376\377\000b\000l\000a\000c\000k\000S\000p\000i\000n\000-\000U\000p}{subsection.3.5}% 29
\BOOKMARK [3][-]{subsubsection.3.5.6}{\376\377\000b\000l\000a\000c\000k\000O\000r\000b\000i\000t\000a\000l\000\040\000P\000l\000a\000n\000e\000\040\000A\000l\000i\000g\000n\000m\000e\000n\000t}{subsection.3.5}% 30
\BOOKMARK [3][-]{subsubsection.3.5.7}{\376\377\000b\000l\000a\000c\000k\000S\000p\000i\000n\000-\000A\000x\000i\000s\000\040\000T\000i\000l\000t\000\040\000C\000o\000r\000r\000e\000c\000t\000i\000o\000n}{subsection.3.5}% 31
\BOOKMARK [3][-]{subsubsection.3.5.8}{\376\377\000b\000l\000a\000c\000k\000S\000p\000i\000n\000-\000A\000x\000i\000s\000\040\000R\000e\000a\000l\000i\000g\000n\000m\000e\000n\000t\000\040\000C\000o\000r\000r\000e\000c\000t\000i\000o\000n\000s}{subsection.3.5}% 32
\BOOKMARK [1][-]{section.4}{\376\377\000b\000l\000a\000c\000k\000P\000R\000E\000S\000E\000T\000\040\000A\000D\000C\000S}{}% 33
\BOOKMARK [2][-]{subsection.4.1}{\376\377\000b\000l\000a\000c\000k\000P\000R\000E\000S\000E\000T\000\040\000A\000D\000C\000S\000\040\000H\000a\000r\000d\000w\000a\000r\000e}{section.4}% 34
\BOOKMARK [2][-]{subsection.4.2}{\376\377\000b\000l\000a\000c\000k\000C\000u\000s\000t\000o\000m\000\040\000M\000a\000g\000n\000e\000t\000o\000r\000q\000u\000e\000r\000s}{section.4}% 35
\BOOKMARK [3][-]{subsubsection.4.2.1}{\376\377\000b\000l\000a\000c\000k\000A\000i\000r\000-\000C\000o\000r\000e\000d\000\040\000M\000a\000g\000n\000e\000t\000o\000r\000q\000u\000e\000r}{subsection.4.2}% 36
\BOOKMARK [3][-]{subsubsection.4.2.2}{\376\377\000b\000l\000a\000c\000k\000F\000e\000r\000r\000o\000m\000a\000g\000n\000e\000t\000i\000c\000-\000C\000o\000r\000e\000d\000\040\000M\000a\000g\000n\000e\000t\000o\000r\000q\000u\000e\000r\000s}{subsection.4.2}% 37
\BOOKMARK [2][-]{subsection.4.3}{\376\377\000b\000l\000a\000c\000k\000P\000R\000E\000S\000E\000T\000\040\000A\000D\000C\000S\000\040\000A\000l\000g\000o\000r\000i\000t\000h\000m\000s}{section.4}% 38
\BOOKMARK [3][-]{subsubsection.4.3.1}{\376\377\000b\000l\000a\000c\000k\000A\000D\000C\000S\000\040\000M\000o\000d\000e\000s}{subsection.4.3}% 39
